#
# There is insufficient memory for the Java Runtime Environment to continue.
# Native memory allocation (mmap) failed to map 536870912 bytes for G1 virtual space
# Possible reasons:
#   The system is out of physical RAM or swap space
#   The process is running with CompressedOops enabled, and the Java Heap may be blocking the growth of the native heap
# Possible solutions:
#   Reduce memory load on the system
#   Increase physical memory or swap space
#   Check if swap backing store is full
#   Decrease Java heap size (-Xmx/-Xms)
#   Decrease number of Java threads
#   Decrease Java thread stack sizes (-Xss)
#   Set larger code cache with -XX:ReservedCodeCacheSize=
#   JVM is running with Zero Based Compressed Oops mode in which the Java heap is
#     placed in the first 32GB address space. The Java Heap base address is the
#     maximum limit for the native heap growth. Please use -XX:HeapBaseMinAddress
#     to set the Java Heap base and to place the Java Heap above 32GB virtual address.
# This output file may be truncated or incomplete.
#
#  Out of Memory Error (os_windows.cpp:3548), pid=18168, tid=18408
#
# JRE version:  (17.0.11+7) (build )
# Java VM: Java HotSpot(TM) 64-Bit Server VM (17.0.11+7-LTS-207, mixed mode, sharing, tiered, compressed oops, compressed class ptrs, g1 gc, windows-amd64)
# No core dump will be written. Minidumps are not enabled by default on client versions of Windows
#

---------------  S U M M A R Y ------------

Command Line: -Dfile.encoding=UTF-8 -Dstdout.encoding=UTF-8 -Dstderr.encoding=UTF-8 --module-path=C:\workspace\java_workspace\article_project\bin -XX:+ShowCodeDetailsInExceptionMessages -Djdk.module.main=article_project article_project/main.ArticleMain

Host: Intel(R) Core(TM) i5-4690 CPU @ 3.50GHz, 4 cores, 31G,  Windows 10 , 64 bit Build 19041 (10.0.19041.4717)
Time: Thu Sep 19 17:18:41 2024  Windows 10 , 64 bit Build 19041 (10.0.19041.4717) elapsed time: 0.022925 seconds (0d 0h 0m 0s)

---------------  T H R E A D  ---------------

Current thread (0x0000022afbe92430):  JavaThread "Unknown thread" [_thread_in_vm, id=18408, stack(0x0000003dfbd00000,0x0000003dfbe00000)]

Stack: [0x0000003dfbd00000,0x0000003dfbe00000]
Native frames: (J=compiled Java code, j=interpreted, Vv=VM code, C=native code)
V  [jvm.dll+0x679cca]
V  [jvm.dll+0x7da13d]
V  [jvm.dll+0x7dba83]
V  [jvm.dll+0x7dc0f3]
V  [jvm.dll+0x2449af]
V  [jvm.dll+0x676ce9]
V  [jvm.dll+0x66b852]
V  [jvm.dll+0x3018d6]
V  [jvm.dll+0x308e76]
V  [jvm.dll+0x3596ee]
V  [jvm.dll+0x35991f]
V  [jvm.dll+0x2d89a8]
V  [jvm.dll+0x2d9914]
V  [jvm.dll+0x7ac6b1]
V  [jvm.dll+0x366f61]
V  [jvm.dll+0x78b609]
V  [jvm.dll+0x3ec22f]
V  [jvm.dll+0x3ede61]
C  [jli.dll+0x5297]
C  [ucrtbase.dll+0x21bb2]
C  [KERNEL32.DLL+0x17374]
C  [ntdll.dll+0x4cc91]


---------------  P R O C E S S  ---------------

Threads class SMR info:
_java_thread_list=0x00007ffc85367a18, length=0, elements={
}

Java Threads: ( => current thread )

Other Threads:
  0x0000022afbf3f5f0 GCTaskThread "GC Thread#0" [stack: 0x0000003dfbe00000,0x0000003dfbf00000] [id=17120]
  0x0000022afbf52120 ConcurrentGCThread "G1 Main Marker" [stack: 0x0000003dfbf00000,0x0000003dfc000000] [id=18140]
  0x0000022afbf53a50 ConcurrentGCThread "G1 Conc#0" [stack: 0x0000003dfc000000,0x0000003dfc100000] [id=17500]

[error occurred during error reporting (printing all threads), id 0xc0000005, EXCEPTION_ACCESS_VIOLATION (0xc0000005) at pc=0x00007ffc84b99497]

VM state: not at safepoint (not fully initialized)

VM Mutex/Monitor currently owned by a thread:  ([mutex/lock_event])
[0x0000022afbe8d680] Heap_lock - owner thread: 0x0000022afbe92430

Heap address: 0x0000000601c00000, size: 8164 MB, Compressed Oops mode: Zero based, Oop shift amount: 3

CDS archive(s) mapped at: [0x0000000000000000-0x0000000000000000-0x0000000000000000), size 0, SharedBaseAddress: 0x0000000800000000, ArchiveRelocationMode: 1.
Narrow klass base: 0x0000000000000000, Narrow klass shift: 0, Narrow klass range: 0x0

GC Precious Log:
<Empty>

Heap:
 garbage-first heap   total 0K, used 0K [0x0000000601c00000, 0x0000000800000000)
  region size 4096K, 0 young (0K), 0 survivors (0K)

[error occurred during error reporting (printing heap information), id 0xc0000005, EXCEPTION_ACCESS_VIOLATION (0xc0000005) at pc=0x00007ffc84f83559]

GC Heap History (0 events):
No events

Deoptimization events (0 events):
No events

Classes unloaded (0 events):
No events

Classes redefined (0 events):
No events

Internal exceptions (0 events):
No events

VM Operations (0 events):
No events

Events (1 events):
Event: 0.016 Loaded shared library C:\Program Files\Java\jdk-17\bin\java.dll


Dynamic libraries:
0x00007ff6b27e0000 - 0x00007ff6b27f0000 	C:\Program Files\Java\jdk-17\bin\javaw.exe
0x00007ffcbd230000 - 0x00007ffcbd428000 	C:\Windows\SYSTEM32\ntdll.dll
0x00007ffcbc1e0000 - 0x00007ffcbc2a1000 	C:\Windows\System32\KERNEL32.DLL
0x00007ffcbac70000 - 0x00007ffcbaf6d000 	C:\Windows\System32\KERNELBASE.dll
0x00007ffcbb090000 - 0x00007ffcbb190000 	C:\Windows\System32\ucrtbase.dll
0x00007ffca32d0000 - 0x00007ffca32e9000 	C:\Program Files\Java\jdk-17\bin\jli.dll
0x00007ffcbc130000 - 0x00007ffcbc1e0000 	C:\Windows\System32\ADVAPI32.dll
0x00007ffcbc2b0000 - 0x00007ffcbc34e000 	C:\Windows\System32\msvcrt.dll
0x00007ffcbc090000 - 0x00007ffcbc130000 	C:\Windows\System32\sechost.dll
0x00007ffcbc3e0000 - 0x00007ffcbc503000 	C:\Windows\System32\RPCRT4.dll
0x00007ffcbb230000 - 0x00007ffcbb257000 	C:\Windows\System32\bcrypt.dll
0x00007ffcbc540000 - 0x00007ffcbc6dd000 	C:\Windows\System32\USER32.dll
0x00007ffcbab40000 - 0x00007ffcbab62000 	C:\Windows\System32\win32u.dll
0x00007ffcbc510000 - 0x00007ffcbc53b000 	C:\Windows\System32\GDI32.dll
0x00007ffcbaf70000 - 0x00007ffcbb087000 	C:\Windows\System32\gdi32full.dll
0x00007ffcbb190000 - 0x00007ffcbb22d000 	C:\Windows\System32\msvcp_win.dll
0x00007ffca32b0000 - 0x00007ffca32cb000 	C:\Program Files\Java\jdk-17\bin\VCRUNTIME140.dll
0x00007ffca4320000 - 0x00007ffca45ba000 	C:\Windows\WinSxS\amd64_microsoft.windows.common-controls_6595b64144ccf1df_6.0.19041.4355_none_60b8b9eb71f62e16\COMCTL32.dll
0x00007ffcab400000 - 0x00007ffcab40a000 	C:\Windows\SYSTEM32\VERSION.dll
0x00007ffcbb260000 - 0x00007ffcbb28f000 	C:\Windows\System32\IMM32.DLL
0x00007ffca32a0000 - 0x00007ffca32ac000 	C:\Program Files\Java\jdk-17\bin\vcruntime140_1.dll
0x00007ffca3210000 - 0x00007ffca329e000 	C:\Program Files\Java\jdk-17\bin\msvcp140.dll
0x00007ffc848b0000 - 0x00007ffc85490000 	C:\Program Files\Java\jdk-17\bin\server\jvm.dll
0x00007ffcbccb0000 - 0x00007ffcbccb8000 	C:\Windows\System32\PSAPI.DLL
0x00007ffca3200000 - 0x00007ffca3209000 	C:\Windows\SYSTEM32\WSOCK32.dll
0x00007ffcbc6e0000 - 0x00007ffcbc74b000 	C:\Windows\System32\WS2_32.dll
0x00007ffcab540000 - 0x00007ffcab567000 	C:\Windows\SYSTEM32\WINMM.dll
0x00007ffcb86a0000 - 0x00007ffcb86b2000 	C:\Windows\SYSTEM32\kernel.appcore.dll
0x00007ffca31f0000 - 0x00007ffca31fa000 	C:\Program Files\Java\jdk-17\bin\jimage.dll
0x00007ffcb4ee0000 - 0x00007ffcb50c4000 	C:\Windows\SYSTEM32\DBGHELP.DLL
0x00007ffcb4c80000 - 0x00007ffcb4cb4000 	C:\Windows\SYSTEM32\dbgcore.DLL
0x00007ffcbaa40000 - 0x00007ffcbaac2000 	C:\Windows\System32\bcryptPrimitives.dll
0x00007ffc92240000 - 0x00007ffc92265000 	C:\Program Files\Java\jdk-17\bin\java.dll

dbghelp: loaded successfully - version: 4.0.5 - missing functions: none
symbol engine: initialized successfully - sym options: 0x614 - pdb path: .;C:\Program Files\Java\jdk-17\bin;C:\Windows\SYSTEM32;C:\Windows\WinSxS\amd64_microsoft.windows.common-controls_6595b64144ccf1df_6.0.19041.4355_none_60b8b9eb71f62e16;C:\Program Files\Java\jdk-17\bin\server

VM Arguments:
jvm_args: -Dfile.encoding=UTF-8 -Dstdout.encoding=UTF-8 -Dstderr.encoding=UTF-8 --module-path=C:\workspace\java_workspace\article_project\bin -XX:+ShowCodeDetailsInExceptionMessages -Djdk.module.main=article_project 
java_command: article_project/main.ArticleMain
java_class_path (initial): C:\workspace\java_workspace\mysql-connector-j-9.0.0\mysql-connector-j-9.0.0.jar
Launcher Type: SUN_STANDARD

[Global flags]
     intx CICompilerCount                          = 3                                         {product} {ergonomic}
     uint ConcGCThreads                            = 1                                         {product} {ergonomic}
     uint G1ConcRefinementThreads                  = 4                                         {product} {ergonomic}
   size_t G1HeapRegionSize                         = 4194304                                   {product} {ergonomic}
    uintx GCDrainStackTargetSize                   = 64                                        {product} {ergonomic}
   size_t InitialHeapSize                          = 536870912                                 {product} {ergonomic}
   size_t MarkStackSize                            = 4194304                                   {product} {ergonomic}
   size_t MaxHeapSize                              = 8560574464                                {product} {ergonomic}
   size_t MinHeapDeltaBytes                        = 4194304                                   {product} {ergonomic}
   size_t MinHeapSize                              = 8388608                                   {product} {ergonomic}
    uintx NonNMethodCodeHeapSize                   = 5832780                                {pd product} {ergonomic}
    uintx NonProfiledCodeHeapSize                  = 122912730                              {pd product} {ergonomic}
    uintx ProfiledCodeHeapSize                     = 122912730                              {pd product} {ergonomic}
    uintx ReservedCodeCacheSize                    = 251658240                              {pd product} {ergonomic}
     bool SegmentedCodeCache                       = true                                      {product} {ergonomic}
     bool ShowCodeDetailsInExceptionMessages       = true                                   {manageable} {command line}
   size_t SoftMaxHeapSize                          = 8560574464                             {manageable} {ergonomic}
     bool UseCompressedClassPointers               = true                           {product lp64_product} {ergonomic}
     bool UseCompressedOops                        = true                           {product lp64_product} {ergonomic}
     bool UseG1GC                                  = true                                      {product} {ergonomic}
     bool UseLargePagesIndividualAllocation        = false                                  {pd product} {ergonomic}

Logging:
Log output configuration:
 #0: stdout all=warning uptime,level,tags
 #1: stderr all=off uptime,level,tags

Environment Variables:
JAVA_HOME=C:\Program Files\Java\jdk-17
PATH=C:/Users/hi/.p2/pool/plugins/org.eclipse.justj.openjdk.hotspot.jre.full.win32.x86_64_22.0.2.v20240802-1626/jre/bin/server;C:/Users/hi/.p2/pool/plugins/org.eclipse.justj.openjdk.hotspot.jre.full.win32.x86_64_22.0.2.v20240802-1626/jre/bin;C:\Program Files\Java\jdk-17\bin;C:\Program Files (x86)\Common Files\Intel\Shared Libraries\redist\intel64\compiler;C:\Windows\system32;C:\Windows;C:\Windows\System32\Wbem;C:\Windows\System32\WindowsPowerShell\v1.0\;C:\Windows\System32\OpenSSH\;c:\Program Files (x86)\Microsoft SQL Server\100\Tools\Binn\;c:\Program Files\Microsoft SQL Server\100\Tools\Binn\;c:\Program Files\Microsoft SQL Server\100\DTS\Binn\;C:\Program Files\nodejs\;C:\Program Files\MySQL\MySQL Server 8.0\bin;C:\Program Files\MySQL\MySQL Shell 8.0\bin\;C:\Users\hi\AppData\Local\Microsoft\WindowsApps;C:\Users\hi\AppData\Local\Programs\Microsoft VS Code\bin;C:\Users\hi\AppData\Roaming\npm;C:\Users\hi\Desktop;
USERNAME=hi
OS=Windows_NT
PROCESSOR_IDENTIFIER=Intel64 Family 6 Model 60 Stepping 3, GenuineIntel



---------------  S Y S T E M  ---------------

OS:
 Windows 10 , 64 bit Build 19041 (10.0.19041.4717)
OS uptime: 0 days 7:48 hours

CPU: total 4 (initial active 4) (4 cores per cpu, 1 threads per core) family 6 model 60 stepping 3 microcode 0x27, cx8, cmov, fxsr, mmx, sse, sse2, sse3, ssse3, sse4.1, sse4.2, popcnt, lzcnt, tsc, tscinvbit, avx, avx2, aes, erms, clmul, bmi1, bmi2, fma, vzeroupper, clflush

Memory: 4k page, system-wide physical 32641M (21183M free)
TotalPageFile size 61135M (AvailPageFile size 309M)
current process WorkingSet (physical memory assigned to process): 10M, peak: 10M
current process commit charge ("private bytes"): 52M, peak: 564M

vm_info: Java HotSpot(TM) 64-Bit Server VM (17.0.11+7-LTS-207) for windows-amd64 JRE (17.0.11+7-LTS-207), built on Mar 11 2024 19:01:50 by "mach5one" with MS VC++ 17.6 (VS2022)

END.
